<?xml version="1.0" encoding="UTF-8"?>
<testng-results skipped="0" failed="0" total="1" passed="1">
  <reporter-output>
  </reporter-output>
  <suite name="Surefire suite" duration-ms="925" started-at="2019-05-20T12:09:33Z" finished-at="2019-05-20T12:09:34Z">
    <groups>
      <group name="cucumber">
        <method signature="TestRunner.feature(cucumber.api.testng.CucumberFeatureWrapper)[pri:0, instance:TestRunner.TestRunner@6574b225]" name="feature" class="TestRunner.TestRunner"/>
      </group> <!-- cucumber -->
    </groups>
    <test name="Surefire test" duration-ms="925" started-at="2019-05-20T12:09:33Z" finished-at="2019-05-20T12:09:34Z">
      <class name="TestRunner.TestRunner">
        <test-method status="PASS" signature="setUpClass()[pri:0, instance:TestRunner.TestRunner@6574b225]" name="setUpClass" is-config="true" duration-ms="397" started-at="2019-05-20T13:09:33Z" finished-at="2019-05-20T13:09:33Z">
          <reporter-output>
          </reporter-output>
        </test-method> <!-- setUpClass -->
        <test-method status="PASS" signature="feature(cucumber.api.testng.CucumberFeatureWrapper)[pri:0, instance:TestRunner.TestRunner@6574b225]" name="feature" duration-ms="308" started-at="2019-05-20T13:09:33Z" description="Runs Cucumber Feature" data-provider="features" finished-at="2019-05-20T13:09:34Z">
          <params>
            <param index="0">
              <value>
                <![CDATA[Google Search]]>
              </value>
            </param>
          </params>
          <reporter-output>
          </reporter-output>
        </test-method> <!-- feature -->
        <test-method status="PASS" signature="tearDownClass()[pri:0, instance:TestRunner.TestRunner@6574b225]" name="tearDownClass" is-config="true" duration-ms="33" started-at="2019-05-20T13:09:34Z" finished-at="2019-05-20T13:09:34Z">
          <reporter-output>
          </reporter-output>
        </test-method> <!-- tearDownClass -->
      </class> <!-- TestRunner.TestRunner -->
    </test> <!-- Surefire test -->
  </suite> <!-- Surefire suite -->
</testng-results>
