-------------------------------------------------------------------------------
Test set: TestRunner.TestRunner
-------------------------------------------------------------------------------
Tests run: 1, Failures: 1, Errors: 0, Skipped: 0, Time elapsed: 1.878 s <<< FAILURE! - in TestRunner.TestRunner
feature(TestRunner.TestRunner)  Time elapsed: 0.324 s  <<< FAILURE!
cucumber.runtime.CucumberException: java.lang.NullPointerException
	at TestRunner.TestRunner.feature(TestRunner.java:31)
Caused by: java.lang.NullPointerException

