<?xml version="1.0" encoding="UTF-8"?>
<testsuite xmlns:xsi="http://www.w3.org/2001/XMLSchema-instance" xsi:noNamespaceSchemaLocation="https://maven.apache.org/surefire/maven-surefire-plugin/xsd/surefire-test-report-3.0.xsd" version="3.0" name="TestRunner.TestRunner" time="1.878" tests="1" errors="0" skipped="0" failures="1">
  <properties>
[...]
</properties>
  <testcase name="feature" classname="TestRunner.TestRunner" time="0.324">
    <failure message="java.lang.NullPointerException" type="cucumber.runtime.CucumberException">cucumber.runtime.CucumberException: java.lang.NullPointerException
	at TestRunner.TestRunner.feature(TestRunner.java:31)
Caused by: java.lang.NullPointerException
</failure>
    <system-out><![CDATA[@LoginProfile
Feature: Google Search
  As a web user
  I want to find information on google
  So that I get a better understanding of the topic

  Scenario: Search for Cucumber                                      &amp#27;[90m# google_search.feature:7&amp#27;[0m
    &amp#27;[31mGiven &amp#27;[0m&amp#27;[31mI am on google search page&amp#27;[0m                                 &amp#27;[90m# GoogleSearch.i_am_on_google_search_page()&amp#27;[0m
      &amp#27;[31mjava.lang.NullPointerException
      	at java.util.Hashtable.put(Hashtable.java:460)
      	at java.util.Properties.setProperty(Properties.java:166)
      	at java.lang.System.setProperty(System.java:796)
      	at stepdefinitions.GoogleSearch.i_am_on_google_search_page(GoogleSearch.java:17)
      	at ?.Given I am on google search page(google_search.feature:8)
      &amp#27;[0m
    &amp#27;[36mWhen &amp#27;[0m&amp#27;[36mI search for "&amp#27;[0m&amp#27;[36m&amp#27;[1mCucumber&amp#27;[0m&amp#27;[36m"&amp#27;[0m                                     &amp#27;[90m# GoogleSearch.i_search_for(String)&amp#27;[0m
    &amp#27;[36mThen &amp#27;[0m&amp#27;[36mthe first line on the result page should contain "&amp#27;[0m&amp#27;[36m&amp#27;[1mcucumber&amp#27;[0m&amp#27;[36m"&amp#27;[0m &amp#27;[90m# GoogleSearch.the_first_line_on_the_result_page_should_contain(String)&amp#27;[0m
]]></system-out>
  </testcase>
</testsuite>